This is e-pTeX, Version 3.14159265-p3.8.3-191112-2.6 (utf8.sjis) (TeX Live 2020/W32TeX) (preloaded format=platex 2020.11.14)  29 JAN 2021 01:47
entering extended mode
 restricted \write18 enabled.
 %&-line parsing enabled.
**S8_LA2020.tex
(./S8_LA2020.tex
pLaTeX2e <2020-10-01>+1 (based on LaTeX2e <2020-10-01> patch level 2)
L3 programming layer <2020-10-27> xparse <2020-03-03>
(c:/texlive/2020/texmf-dist/tex/platex/base/jarticle.cls
Document Class: jarticle 2020/09/30 v1.8f Standard pLaTeX class
\c@@paper=\count174
(c:/texlive/2020/texmf-dist/tex/platex/base/jsize10.clo
File: jsize10.clo 2020/09/30 v1.8f Standard pLaTeX file (size option)
)
\c@part=\count175
\c@section=\count176
\c@subsection=\count177
\c@subsubsection=\count178
\c@paragraph=\count179
\c@subparagraph=\count180
\c@figure=\count181
\c@table=\count182
\abovecaptionskip=\skip47
\belowcaptionskip=\skip48
\symmincho=\mathgroup4
LaTeX Font Info:    Overwriting symbol font `mincho' in version `bold'
(Font)                  JY1/mc/m/n --> JY1/gt/m/n on input line 615.
\toclineskip=\dimen154
\@lnumwidth=\dimen155
\bibindent=\dimen156
\heisei=\count183
) (./jdummy.def)
(c:/texlive/2020/texmf-dist/tex/latex/graphics/graphicx.sty
Package: graphicx 2020/09/09 v1.2b Enhanced LaTeX Graphics (DPC,SPQR)

(c:/texlive/2020/texmf-dist/tex/latex/graphics/keyval.sty
Package: keyval 2014/10/28 v1.15 key=value parser (DPC)
\KV@toks@=\toks16
)
(c:/texlive/2020/texmf-dist/tex/latex/graphics/graphics.sty
Package: graphics 2020/08/30 v1.4c Standard LaTeX Graphics (DPC,SPQR)

(c:/texlive/2020/texmf-dist/tex/latex/graphics/trig.sty
Package: trig 2016/01/03 v1.10 sin cos tan (DPC)
)
(c:/texlive/2020/texmf-dist/tex/latex/graphics-cfg/graphics.cfg
File: graphics.cfg 2016/06/04 v1.11 sample graphics configuration
)
Package graphics Info: Driver file: dvipdfmx.def on input line 105.

(c:/texlive/2020/texmf-dist/tex/latex/graphics-def/dvipdfmx.def
File: dvipdfmx.def 2020/08/26 v5.0h Graphics/color driver for dvipdfmx
))
\Gin@req@height=\dimen157
\Gin@req@width=\dimen158
)
(c:/texlive/2020/texmf-dist/tex/latex/graphics/color.sty
Package: color 2020/02/24 v1.2b Standard LaTeX Color (DPC)

(c:/texlive/2020/texmf-dist/tex/latex/graphics-cfg/color.cfg
File: color.cfg 2016/01/02 v1.6 sample color configuration
)
Package color Info: Driver file: dvipdfmx.def on input line 147.

(c:/texlive/2020/texmf-dist/tex/latex/graphics/dvipsnam.def
File: dvipsnam.def 2016/06/17 v3.0m Driver-dependent file (DPC,SPQR)
))
(c:/texlive/2020/texmf-dist/tex/latex/amsmath/amsmath.sty
Package: amsmath 2020/09/23 v2.17i AMS math features
\@mathmargin=\skip49

For additional information on amsmath, use the `?' option.
(c:/texlive/2020/texmf-dist/tex/latex/amsmath/amstext.sty
Package: amstext 2000/06/29 v2.01 AMS text

(c:/texlive/2020/texmf-dist/tex/latex/amsmath/amsgen.sty
File: amsgen.sty 1999/11/30 v2.0 generic functions
\@emptytoks=\toks17
\ex@=\dimen159
))
(c:/texlive/2020/texmf-dist/tex/latex/amsmath/amsbsy.sty
Package: amsbsy 1999/11/29 v1.2d Bold Symbols
\pmbraise@=\dimen160
)
(c:/texlive/2020/texmf-dist/tex/latex/amsmath/amsopn.sty
Package: amsopn 2016/03/08 v2.02 operator names
)
\inf@bad=\count184
LaTeX Info: Redefining \frac on input line 234.
\uproot@=\count185
\leftroot@=\count186
LaTeX Info: Redefining \overline on input line 399.
\classnum@=\count187
\DOTSCASE@=\count188
LaTeX Info: Redefining \ldots on input line 496.
LaTeX Info: Redefining \dots on input line 499.
LaTeX Info: Redefining \cdots on input line 620.
\Mathstrutbox@=\box64
\strutbox@=\box65
\big@size=\dimen161
LaTeX Font Info:    Redeclaring font encoding OML on input line 743.
LaTeX Font Info:    Redeclaring font encoding OMS on input line 744.
\macc@depth=\count189
\c@MaxMatrixCols=\count190
\dotsspace@=\muskip16
\c@parentequation=\count191
\dspbrk@lvl=\count192
\tag@help=\toks18
\row@=\count193
\column@=\count194
\maxfields@=\count195
\andhelp@=\toks19
\eqnshift@=\dimen162
\alignsep@=\dimen163
\tagshift@=\dimen164
\tagwidth@=\dimen165
\totwidth@=\dimen166
\lineht@=\dimen167
\@envbody=\toks20
\multlinegap=\skip50
\multlinetaggap=\skip51
\mathdisplay@stack=\toks21
LaTeX Info: Redefining \[ on input line 2923.
LaTeX Info: Redefining \] on input line 2924.
)
(c:/texlive/2020/texmf-dist/tex/latex/amsfonts/amssymb.sty
Package: amssymb 2013/01/14 v3.01 AMS font symbols

(c:/texlive/2020/texmf-dist/tex/latex/amsfonts/amsfonts.sty
Package: amsfonts 2013/01/14 v3.01 Basic AMSFonts support
\symAMSa=\mathgroup5
\symAMSb=\mathgroup6
LaTeX Font Info:    Redeclaring math symbol \hbar on input line 98.
LaTeX Font Info:    Overwriting math alphabet `\mathfrak' in version `bold'
(Font)                  U/euf/m/n --> U/euf/b/n on input line 106.
)) (./cite.sty
LaTeX Info: Redefining \cite on input line 302.
LaTeX Info: Redefining \nocite on input line 373.
Package: cite 2010/09/10  v 5.3
)
(./algorithm.sty
Package: algorithm 2009/08/24 v0.1 Document Style `algorithm' - floating enviro
nment
 (c:/texlive/2020/texmf-dist/tex/latex/float/float.sty
Package: float 2001/11/08 v1.3d Float enhancements (AL)
\c@float@type=\count196
\float@exts=\toks22
\float@box=\box66
\@float@everytoks=\toks23
\@floatcapt=\box67
)
(c:/texlive/2020/texmf-dist/tex/latex/base/ifthen.sty
Package: ifthen 2014/09/29 v1.1c Standard LaTeX ifthen package (DPC)
)
\@float@every@algorithm=\toks24
\c@algorithm=\count197
) (./algorithmic.sty
Package: algorithmic 2009/08/24 v0.1 Document Style `algorithmic'
\c@ALC@unique=\count198
\c@ALC@line=\count199
\c@ALC@rem=\count266
\c@ALC@depth=\count267
\ALC@tlm=\skip52
\algorithmicindent=\skip53
)
(c:/texlive/2020/texmf-dist/tex/latex/comment/comment.sty
\CommentStream=\write3

Excluding comment 'comment') (c:/texlive/2020/texmf-dist/tex/latex/tools/bm.sty
Package: bm 2019/07/24 v1.2d Bold Symbol Support (DPC/FMi)
\symboldoperators=\mathgroup7
\symboldletters=\mathgroup8
\symboldsymbols=\mathgroup9
\symboldmincho=\mathgroup10
LaTeX Font Info:    Redeclaring math alphabet \mathbf on input line 141.
LaTeX Info: Redefining \bm on input line 209.
) (c:/texlive/2020/texmf-dist/tex/latex/amscls/amsthm.sty
Package: amsthm 2020/05/29 v2.20.6
\thm@style=\toks25
\thm@bodyfont=\toks26
\thm@headfont=\toks27
\thm@notefont=\toks28
\thm@headpunct=\toks29
\thm@preskip=\skip54
\thm@postskip=\skip55
\thm@headsep=\skip56
\dth@everypar=\toks30
)
(c:/texlive/2020/texmf-dist/tex/latex/breqn/breqn.sty
(c:/texlive/2020/texmf-dist/tex/latex/l3kernel/expl3.sty
Package: expl3 2020-10-27 L3 programming layer (loader) 

(c:/texlive/2020/texmf-dist/tex/latex/l3backend/l3backend-dvips.def
File: l3backend-dvips.def 2020-09-24 L3 backend support: dvips
\l__pdf_internal_box=\box68
\g__pdf_backend_object_int=\count268
\l__pdf_backend_content_box=\box69
\l__pdf_backend_model_box=\box70
\g__pdf_backend_annotation_int=\count269
\g__pdf_backend_link_int=\count270
\g__pdf_backend_link_sf_int=\count271
))
Package: breqn 2020/09/24 v0.98k Breaking equations

(c:/texlive/2020/texmf-dist/tex/latex/breqn/flexisym.sty
Package: flexisym 2020/09/24 v0.98k Make math characters macros
LaTeX Info: Redefining \textprime on input line 299.
LaTeX Info: Redefining \not on input line 357.

(c:/texlive/2020/texmf-dist/tex/latex/breqn/cmbase.sym
File: cmbase.sym 2007/12/19 v0.92
LaTeX Info: Redefining \hbar on input line 324.
LaTeX Info: Redefining \surd on input line 326.
LaTeX Info: Redefining \angle on input line 334.
LaTeX Info: Redefining \neq on input line 335.
LaTeX Info: Redefining \mapsto on input line 336.
LaTeX Info: Redefining \cong on input line 337.
LaTeX Info: Redefining \notin on input line 340.
LaTeX Info: Redefining \rightleftharpoons on input line 341.
LaTeX Info: Redefining \doteq on input line 342.
LaTeX Info: Redefining \hookrightarrow on input line 343.
LaTeX Info: Redefining \hookleftarrow on input line 344.
LaTeX Info: Redefining \bowtie on input line 345.
LaTeX Info: Redefining \models on input line 346.
LaTeX Info: Redefining \Longrightarrow on input line 347.
LaTeX Info: Redefining \longrightarrow on input line 348.
LaTeX Info: Redefining \Longleftarrow on input line 349.
LaTeX Info: Redefining \longleftarrow on input line 350.
LaTeX Info: Redefining \longmapsto on input line 351.
LaTeX Info: Redefining \longleftrightarrow on input line 352.
LaTeX Info: Redefining \Longleftrightarrow on input line 353.
LaTeX Info: Redefining \cdots on input line 357.
LaTeX Info: Redefining \vdots on input line 360.
LaTeX Info: Redefining \ddots on input line 365.
)
(c:/texlive/2020/texmf-dist/tex/latex/breqn/mathstyle.sty
Package: mathstyle 2020/09/24 v0.98k Tracking mathstyle implicitly
LaTeX Info: Redefining \displaystyle on input line 95.
LaTeX Info: Redefining \textstyle on input line 97.
LaTeX Info: Redefining \scriptstyle on input line 99.
LaTeX Info: Redefining \scriptscriptstyle on input line 101.
LaTeX Info: Redefining \genfrac on input line 149.
))
(c:/texlive/2020/texmf-dist/tex/latex/tools/calc.sty
Package: calc 2017/05/25 v4.3 Infix arithmetic (KKT,FJ)
\calc@Acount=\count272
\calc@Bcount=\count273
\calc@Adimen=\dimen168
\calc@Bdimen=\dimen169
\calc@Askip=\skip57
\calc@Bskip=\skip58
LaTeX Info: Redefining \setlength on input line 80.
LaTeX Info: Redefining \addtolength on input line 81.
\calc@Ccount=\count274
\calc@Cskip=\skip59
)
\inf@bad=\count275
\maxint=\count276
\listwidth=\dimen170
\eqnumsep=\dimen171
\eqmargin=\dimen172
\eqlinespacing=\skip60
\eqlineskip=\skip61
\eqlineskiplimit=\dimen173
\eqbinoffset=\muskip17
\eqdelimoffset=\muskip18
\eqindentstep=\dimen174
\eqstyle=\toks31
\eqbreakdepth=\count277
\eqinterlinepenalty=\count278
\intereqpenalty=\count279
\intereqskip=\skip62
\prerelpenalty=\count280
\prebinoppenalty=\count281
\Dmedmuskip=\muskip19
\Dthickmuskip=\muskip20
\eqleftskip=\skip63
\eqrightskip=\skip64
\eq@vspan=\skip65
\eq@binoffset=\muskip21
\EQ@box=\box71
\EQ@copy=\box72
\EQ@numbox=\box73
\eq@wdNum=\dimen175
\GRP@numbox=\box74
\grp@wdNum=\dimen176
\eq@lines=\count282
\eq@curline=\count283
\eq@badness=\count284
\EQ@vims=\count285
\eq@dp=\dimen177
\eq@wdL=\dimen178
\eq@wdT=\dimen179
\eq@wdMin=\dimen180
\grp@wdL=\dimen181
\grp@wdR=\dimen182
\grp@wdT=\dimen183
\eq@wdRmax=\dimen184
\eq@firstht=\dimen185
\eq@wdCond=\dimen186
\eq@indentstep=\dimen187
\eq@linewidth=\dimen188
\grp@linewidth=\dimen189
\eq@hshift=\dimen190
\eq@given@sidespace=\dimen191
\mathindent=\dimen192
\eq@final@linecount=\count286
\eq@wdR=\dimen193
\EQ@continue=\toks32
\lr@level=\count287
\GRP@queue=\toks33
\GRP@box=\box75
\GRP@wholebox=\box76
\darraycolsep=\skip66
\cur@row=\count288
\cur@col=\count289
\conditionsep=\skip67
)
\c@theorem=\count290
\c@lemma=\count291
\c@definition=\count292
\c@fact=\count293
 (./S8_LA2020.aux)
\openout1 = `S8_LA2020.aux'.

LaTeX Font Info:    Checking defaults for OML/cmm/m/it on input line 114.
LaTeX Font Info:    ... okay on input line 114.
LaTeX Font Info:    Checking defaults for OMS/cmsy/m/n on input line 114.
LaTeX Font Info:    ... okay on input line 114.
LaTeX Font Info:    Checking defaults for OT1/cmr/m/n on input line 114.
LaTeX Font Info:    ... okay on input line 114.
LaTeX Font Info:    Checking defaults for T1/cmr/m/n on input line 114.
LaTeX Font Info:    ... okay on input line 114.
LaTeX Font Info:    Checking defaults for TS1/cmr/m/n on input line 114.
LaTeX Font Info:    ... okay on input line 114.
LaTeX Font Info:    Checking defaults for OMX/cmex/m/n on input line 114.
LaTeX Font Info:    ... okay on input line 114.
LaTeX Font Info:    Checking defaults for U/cmr/m/n on input line 114.
LaTeX Font Info:    ... okay on input line 114.
LaTeX Font Info:    Checking defaults for JY1/mc/m/n on input line 114.
LaTeX Font Info:    ... okay on input line 114.
LaTeX Font Info:    Checking defaults for JT1/mc/m/n on input line 114.
LaTeX Font Info:    ... okay on input line 114.
LaTeX Font Info:    Trying to load font information for U+msa on input line 115
.

(c:/texlive/2020/texmf-dist/tex/latex/amsfonts/umsa.fd
File: umsa.fd 2013/01/14 v3.01 AMS symbols A
)
LaTeX Font Info:    Trying to load font information for U+msb on input line 115
.

(c:/texlive/2020/texmf-dist/tex/latex/amsfonts/umsb.fd
File: umsb.fd 2013/01/14 v3.01 AMS symbols B
)
LaTeX Font Info:    Font shape `JT1/mc/bx/n' in size <14.4> not available
(Font)              Font shape `JT1/gt/m/n' tried instead on input line 122.
LaTeX Font Info:    Font shape `JY1/mc/bx/n' in size <14.4> not available
(Font)              Font shape `JY1/gt/m/n' tried instead on input line 122.
LaTeX Font Info:    Font shape `JT1/mc/bx/n' in size <12> not available
(Font)              Font shape `JT1/gt/m/n' tried instead on input line 124.
LaTeX Font Info:    Font shape `JY1/mc/bx/n' in size <12> not available
(Font)              Font shape `JY1/gt/m/n' tried instead on input line 124.
 [1


] [2]
LaTeX Font Info:    Font shape `JT1/mc/bx/n' in size <10> not available
(Font)              Font shape `JT1/gt/m/n' tried instead on input line 247.
LaTeX Font Info:    Font shape `JY1/mc/bx/n' in size <10> not available
(Font)              Font shape `JY1/gt/m/n' tried instead on input line 247.
 [3]
File: Gxy.png Graphic file (type bmp)
<Gxy.png>
 [4]
[5] [6]
File: 2_Gxy.png Graphic file (type bmp)
<2_Gxy.png>

Underfull \hbox (badness 1320) in paragraph at lines 471--495
\JY1/mc/m/n/10 中の頂点のうち灰色のものは独立集合に含まれ
 []

[7]
File: 3_Gxy.png Graphic file (type bmp)
<3_Gxy.png>

Underfull \hbox (badness 1320) in paragraph at lines 557--581
\JY1/mc/m/n/10 中の頂点のうち灰色のものは独立集合に含まれ
 []

[8] [9]
File: k_Gxy.png Graphic file (type bmp)
<k_Gxy.png>

Underfull \hbox (badness 1320) in paragraph at lines 657--671
\JY1/mc/m/n/10 中の頂点のうち灰色のものは独立集合に含まれ
 []


Underfull \hbox (badness 2158) in paragraph at lines 686--758
\JY1/mc/m/n/10 とすると $\OML/cmm/m/it/10 I\OMS/cmsy/m/n/10 n\OML/cmm/m/it/10 I
[] \OMS/cmsy/m/n/10 [ \OML/cmm/m/it/10 S$ \JY1/mc/m/n/10 は独立集合になる ． こ
こで
 []


Underfull \hbox (badness 10000) in paragraph at lines 686--758
\OML/cmm/m/it/10 S$ \JY1/mc/m/n/10 を満たす頂点の数を $[]\OT1/cmr/m/n/10 (\OML/
cmm/m/it/10 D\OT1/cmr/m/n/10 )$\JY1/mc/m/n/10 ，
 []


Underfull \hbox (badness 5316) in paragraph at lines 686--758
[] \OMS/cmsy/m/n/10 \ \OML/cmm/m/it/10 S$ \JY1/mc/m/n/10 を満たす頂
 []


Underfull \hbox (badness 2486) in paragraph at lines 686--758
\OML/cmm/m/it/10 e[]$ \JY1/mc/m/n/10 を独立集合から取り除く必要がある ． 従 っ
 []


Underfull \hbox (badness 2005) in paragraph at lines 686--758
\JY1/mc/m/n/10 て ， $[]\OT1/cmr/m/n/10 (\OML/cmm/m/it/10 D\OT1/cmr/m/n/10 )$ \
JY1/mc/m/n/10 の値は $[]\OT1/cmr/m/n/10 (\OML/cmm/m/it/10 C\OT1/cmr/m/n/10 )$ \
JY1/mc/m/n/10 によ っ て上から抑
 []


Underfull \hbox (badness 2020) in paragraph at lines 686--758
\JY1/mc/m/n/10 と $\OMS/cmsy/m/n/10 j\OML/cmm/m/it/10 S\OMS/cmsy/m/n/10 j\OT1/c
mr/m/n/10 = 1 + [](\OML/cmm/m/it/10 D\OT1/cmr/m/n/10 ) + [](\OML/cmm/m/it/10 B\
OT1/cmr/m/n/10 )$ \JY1/mc/m/n/10 が成り立ち ，
 []


Underfull \hbox (badness 4859) in paragraph at lines 686--758
[]\JY1/mc/m/n/10 次に $[]\OT1/cmr/m/n/10 (\OML/cmm/m/it/10 A\OT1/cmr/m/n/10 ) =
 2$ \JY1/mc/m/n/10 の場合について考える ．
 []


Underfull \hbox (badness 2285) in paragraph at lines 686--758
[]\OT1/cmr/m/n/10 (\OML/cmm/m/it/10 A\OT1/cmr/m/n/10 ) = 1$ \JY1/mc/m/n/10 の場
合と同様に $\OML/cmm/m/it/10 A[] \OMS/cmsy/m/n/10 [ \OML/cmm/m/it/10 A[]$ \JY1/
mc/m/n/10 に含
 []


Underfull \hbox (badness 10000) in paragraph at lines 686--758
\JY1/mc/m/n/10 まれる頂点を独立集合に追加するには頂点
 []


Underfull \hbox (badness 10000) in paragraph at lines 686--758
\OML/cmm/m/it/10 s$ \JY1/mc/m/n/10 を独立集合から取り除かなければならな
 []


Underfull \hbox (badness 2512) in paragraph at lines 686--758
\JY1/mc/m/n/10 い ． 従 っ て ， $\OMS/cmsy/m/n/10 j\OML/cmm/m/it/10 I[]\OMS/cm
sy/m/n/10 j\OT1/cmr/m/n/10 = 1 + [](\OML/cmm/m/it/10 C\OT1/cmr/m/n/10 ) + [](\O
ML/cmm/m/it/10 E\OT1/cmr/m/n/10 )$ \JY1/mc/m/n/10 と
 []


Underfull \hbox (badness 1275) in paragraph at lines 686--758
\JY1/mc/m/n/10 る ． $\OML/cmm/m/it/10 a[]$ \JY1/mc/m/n/10 と $\OML/cmm/m/it/10
 a[]$ \JY1/mc/m/n/10 を独立集合に加えるために取り除
 []


Underfull \hbox (badness 10000) in paragraph at lines 686--758
\JY1/mc/m/n/10 かれる頂点は $\OMS/cmsy/m/n/10 f\OML/cmm/m/it/10 s\OMS/cmsy/m/n/
10 g [ [][] \OML/cmm/m/it/10 c[] \OMS/cmsy/m/n/10 [
 []


Underfull \hbox (badness 10000) in paragraph at lines 686--758
[][] \OML/cmm/m/it/10 c[]$ \JY1/mc/m/n/10 である ． このとき ，
 []


Underfull \hbox (badness 10000) in paragraph at lines 686--758
\JY1/mc/m/n/10 任意の $[][]\OT1/cmr/m/n/10 (\OML/cmm/m/it/10 D[] \OMS/cmsy/m/n/
10 [ \OML/cmm/m/it/10 D[]\OT1/cmr/m/n/10 )$ \JY1/mc/m/n/10 に含まれる頂
 []


Underfull \hbox (badness 10000) in paragraph at lines 686--758
\JY1/mc/m/n/10 点で独立集合に含まれる可能性があるのは ，
 []

[10]
Underfull \hbox (badness 2790) in paragraph at lines 759--768
\JY1/mc/m/n/10 をグラフに埋め込んでおり， カ ッ ト辺のサイズ
 []

[11] (./S8_LA2020.bbl
Underfull \hbox (badness 3713) in paragraph at lines 25--29
[]\OT1/cmr/m/n/10 B^^Sela Bol-lob^^Sas, Ernest J Cock-ayne, and
 []


Underfull \hbox (badness 1509) in paragraph at lines 31--35
\OT1/cmr/m/n/10 rithms for the in-de-pen-dent and dom-i-nat-
 []


Underfull \hbox (badness 1478) in paragraph at lines 37--40
[]\OT1/cmr/m/n/10 Hideyuki Tanaka, Yuichi Sudo, Hi-rot-sugu
 []

[12]
Underfull \hbox (badness 10000) in paragraph at lines 47--52
[]\OT1/cmr/m/n/10 V^^Saclav Rozho^^Tn and Mohsen Ghaf-fari.
 []


Underfull \hbox (badness 3068) in paragraph at lines 47--52
\OT1/cmr/m/n/10 Polylogarithmic-time de-ter-min-is-tic net-work
 []


Underfull \hbox (badness 4072) in paragraph at lines 47--52
\OT1/cmr/m/n/10 de-com-po-si-tion and dis-tributed de-ran-dom-
 []


Underfull \hbox (badness 2376) in paragraph at lines 47--52
\OT1/cmr/m/it/10 ACM SIGACT Sym-po-sium on The-ory of
 []


Underfull \hbox (badness 2865) in paragraph at lines 83--87
[]\OT1/cmr/m/n/10 Silvio Frischknecht, Stephan Holzer, and
 []


Underfull \hbox (badness 1859) in paragraph at lines 83--87
\OT1/cmr/m/it/10 SIAM sym-po-sium on Dis-crete Al-go-rithms\OT1/cmr/m/n/10 ,
 []


Underfull \hbox (badness 1931) in paragraph at lines 89--94
[]\OT1/cmr/m/n/10 Nir Bacrach, Keren Censor-Hillel, Michal
 []

) [13] (./S8_LA2020.aux) ) 
Here is how much of TeX's memory you used:
 3660 strings out of 479956
 47320 string characters out of 5887570
 364712 words of memory out of 5000000
 20796 multiletter control sequences out of 15000+600000
 562270 words of font info for 131 fonts, out of 8000000 for 9000
 929 hyphenation exceptions out of 8191
 71i,12n,87p,236b,407s stack positions out of 5000i,500n,10000p,200000b,80000s

Output written on S8_LA2020.dvi (13 pages, 96652 bytes).
